<?xml version="1.0" encoding="UTF-8"?>
<!-- Generated by org.testng.reporters.JUnitReportReporter -->
<testsuite skipped="0" hostname="SaMiM" name="Ethans.company.NewTest" tests="2" failures="0" timestamp="16 Nov 2019 12:33:44 GMT" time="0.028" errors="0">
  <testcase name="launchBrowser" time="0.025" classname="Ethans.company.NewTest"/>
  <testcase name="launchBrowser1" time="0.003" classname="Ethans.company.NewTest"/>
</testsuite> <!-- Ethans.company.NewTest -->
