<?xml version="1.0" encoding="UTF-8"?>
<!-- Generated by org.testng.reporters.JUnitReportReporter -->
<testsuite hostname="SaMiM" name="Ethans.company.NewTest" tests="1" failures="0" timestamp="23 Nov 2019 09:27:46 GMT" time="24.812" errors="0">
  <testcase name="launchBrowser" time="24.812" classname="Ethans.company.NewTest"/>
</testsuite> <!-- Ethans.company.NewTest -->
